ISim log file
Running: E:\Local Disk D\V Semester\DSD\Full_Single_Cycle_Data_Path\single_cycle_tb_isim_beh.exe -intstyle ise -gui -tclbatch isim.cmd -wdb E:/Local Disk D/V Semester/DSD/Full_Single_Cycle_Data_Path/single_cycle_tb_isim_beh.wdb 
ISim P.58f (signature 0x7708f090)
This is a Full version of ISim.
Time resolution is 1 ps
# onerror resume
# wave add /
# run 1000 ns
Simulator is doing circuit initialization process.
Finished circuit initialization process.
Time:           0
Time:           1
Time:           2
ISim P.58f (signature 0x7708f090)
This is a Full version of ISim.
# run 1000 ns
Simulator is doing circuit initialization process.
Finished circuit initialization process.
Time:           0
Time:           1
Time:           2
